<?xml version="1.0" encoding="UTF-8"?>
<coverage generated="1653946982211" clover="3.2.0">
  <project timestamp="1653946982211" name="All files">
    <metrics statements="27" coveredstatements="27" conditionals="15" coveredconditionals="15" methods="3" coveredmethods="3" elements="45" coveredelements="45" complexity="0" loc="27" ncloc="27" packages="1" files="1" classes="1"/>
    <file name="fizzbuzz.js" path="C:\Users\jumbo170\Music\fizzbuzz_jest\fizzbuzz.js">
      <metrics statements="27" coveredstatements="27" conditionals="15" coveredconditionals="15" methods="3" coveredmethods="3"/>
      <line num="1" count="29" type="cond" truecount="1" falsecount="0"/>
      <line num="2" count="29" type="stmt"/>
      <line num="3" count="29" type="cond" truecount="1" falsecount="0"/>
      <line num="4" count="29" type="cond" truecount="1" falsecount="0"/>
      <line num="5" count="1" type="stmt"/>
      <line num="6" count="1" type="stmt"/>
      <line num="7" count="29" type="cond" truecount="2" falsecount="0"/>
      <line num="8" count="2" type="stmt"/>
      <line num="9" count="2" type="stmt"/>
      <line num="10" count="29" type="cond" truecount="3" falsecount="0"/>
      <line num="11" count="2" type="stmt"/>
      <line num="12" count="2" type="stmt"/>
      <line num="13" count="29" type="cond" truecount="2" falsecount="0"/>
      <line num="14" count="7" type="stmt"/>
      <line num="15" count="7" type="stmt"/>
      <line num="16" count="29" type="cond" truecount="2" falsecount="0"/>
      <line num="17" count="5" type="stmt"/>
      <line num="18" count="5" type="stmt"/>
      <line num="19" count="12" type="cond" truecount="1" falsecount="0"/>
      <line num="20" count="12" type="stmt"/>
      <line num="21" count="1" type="cond" truecount="1" falsecount="0"/>
      <line num="22" count="1" type="cond" truecount="1" falsecount="0"/>
      <line num="23" count="21" type="stmt"/>
      <line num="24" count="21" type="stmt"/>
      <line num="25" count="1" type="stmt"/>
      <line num="26" count="1" type="stmt"/>
      <line num="27" count="1" type="stmt"/>
    </file>
  </project>
</coverage>
