{"C:\\Users\\jumbo170\\Music\\fizzbuzz_jest\\fizzbuzz.js": {"path":"C:\\Users\\jumbo170\\Music\\fizzbuzz_jest\\fizzbuzz.js","all":false,"statementMap":{"0":{"start":{"line":1,"column":0},"end":{"line":1,"column":26}},"1":{"start":{"line":2,"column":0},"end":{"line":2,"column":0}},"2":{"start":{"line":3,"column":0},"end":{"line":3,"column":57}},"3":{"start":{"line":4,"column":0},"end":{"line":4,"column":35}},"4":{"start":{"line":5,"column":0},"end":{"line":5,"column":55}},"5":{"start":{"line":6,"column":0},"end":{"line":6,"column":5}},"6":{"start":{"line":7,"column":0},"end":{"line":7,"column":19}},"7":{"start":{"line":8,"column":0},"end":{"line":8,"column":17}},"8":{"start":{"line":9,"column":0},"end":{"line":9,"column":5}},"9":{"start":{"line":10,"column":0},"end":{"line":10,"column":51}},"10":{"start":{"line":11,"column":0},"end":{"line":11,"column":26}},"11":{"start":{"line":12,"column":0},"end":{"line":12,"column":5}},"12":{"start":{"line":13,"column":0},"end":{"line":13,"column":29}},"13":{"start":{"line":14,"column":0},"end":{"line":14,"column":22}},"14":{"start":{"line":15,"column":0},"end":{"line":15,"column":5}},"15":{"start":{"line":16,"column":0},"end":{"line":16,"column":28}},"16":{"start":{"line":17,"column":0},"end":{"line":17,"column":22}},"17":{"start":{"line":18,"column":0},"end":{"line":18,"column":5}},"18":{"start":{"line":19,"column":0},"end":{"line":19,"column":18}},"19":{"start":{"line":20,"column":0},"end":{"line":20,"column":1}},"20":{"start":{"line":21,"column":0},"end":{"line":21,"column":23}},"21":{"start":{"line":22,"column":0},"end":{"line":22,"column":31}},"22":{"start":{"line":23,"column":0},"end":{"line":23,"column":45}},"23":{"start":{"line":24,"column":0},"end":{"line":24,"column":5}},"24":{"start":{"line":25,"column":0},"end":{"line":25,"column":1}},"25":{"start":{"line":26,"column":0},"end":{"line":26,"column":10}},"26":{"start":{"line":27,"column":0},"end":{"line":27,"column":26}}},"s":{"0":29,"1":29,"2":29,"3":29,"4":1,"5":1,"6":29,"7":2,"8":2,"9":29,"10":2,"11":2,"12":29,"13":7,"14":7,"15":29,"16":5,"17":5,"18":12,"19":12,"20":1,"21":1,"22":21,"23":21,"24":1,"25":1,"26":1},"branchMap":{"0":{"type":"branch","line":1,"loc":{"start":{"line":1,"column":0},"end":{"line":20,"column":1}},"locations":[{"start":{"line":1,"column":0},"end":{"line":20,"column":1}}]},"1":{"type":"branch","line":4,"loc":{"start":{"line":4,"column":34},"end":{"line":6,"column":5}},"locations":[{"start":{"line":4,"column":34},"end":{"line":6,"column":5}}]},"2":{"type":"branch","line":7,"loc":{"start":{"line":7,"column":-2},"end":{"line":7,"column":7}},"locations":[{"start":{"line":7,"column":-2},"end":{"line":7,"column":7}}]},"3":{"type":"branch","line":7,"loc":{"start":{"line":7,"column":18},"end":{"line":9,"column":5}},"locations":[{"start":{"line":7,"column":18},"end":{"line":9,"column":5}}]},"4":{"type":"branch","line":10,"loc":{"start":{"line":10,"column":-2},"end":{"line":10,"column":16}},"locations":[{"start":{"line":10,"column":-2},"end":{"line":10,"column":16}}]},"5":{"type":"branch","line":10,"loc":{"start":{"line":10,"column":7},"end":{"line":10,"column":40}},"locations":[{"start":{"line":10,"column":7},"end":{"line":10,"column":40}}]},"6":{"type":"branch","line":10,"loc":{"start":{"line":10,"column":50},"end":{"line":12,"column":5}},"locations":[{"start":{"line":10,"column":50},"end":{"line":12,"column":5}}]},"7":{"type":"branch","line":13,"loc":{"start":{"line":13,"column":-2},"end":{"line":13,"column":8}},"locations":[{"start":{"line":13,"column":-2},"end":{"line":13,"column":8}}]},"8":{"type":"branch","line":13,"loc":{"start":{"line":13,"column":28},"end":{"line":15,"column":5}},"locations":[{"start":{"line":13,"column":28},"end":{"line":15,"column":5}}]},"9":{"type":"branch","line":16,"loc":{"start":{"line":16,"column":-2},"end":{"line":16,"column":7}},"locations":[{"start":{"line":16,"column":-2},"end":{"line":16,"column":7}}]},"10":{"type":"branch","line":16,"loc":{"start":{"line":16,"column":27},"end":{"line":18,"column":5}},"locations":[{"start":{"line":16,"column":27},"end":{"line":18,"column":5}}]},"11":{"type":"branch","line":19,"loc":{"start":{"line":19,"column":-2},"end":{"line":20,"column":1}},"locations":[{"start":{"line":19,"column":-2},"end":{"line":20,"column":1}}]},"12":{"type":"branch","line":3,"loc":{"start":{"line":3,"column":20},"end":{"line":3,"column":57}},"locations":[{"start":{"line":3,"column":20},"end":{"line":3,"column":57}}]},"13":{"type":"branch","line":21,"loc":{"start":{"line":21,"column":0},"end":{"line":25,"column":1}},"locations":[{"start":{"line":21,"column":0},"end":{"line":25,"column":1}}]},"14":{"type":"branch","line":22,"loc":{"start":{"line":22,"column":30},"end":{"line":24,"column":5}},"locations":[{"start":{"line":22,"column":30},"end":{"line":24,"column":5}}]}},"b":{"0":[29],"1":[1],"2":[28],"3":[2],"4":[26],"5":[9],"6":[2],"7":[24],"8":[7],"9":[17],"10":[5],"11":[12],"12":[76],"13":[1],"14":[21]},"fnMap":{"0":{"name":"fizzbuzz","decl":{"start":{"line":1,"column":0},"end":{"line":20,"column":1}},"loc":{"start":{"line":1,"column":0},"end":{"line":20,"column":1}},"line":1},"1":{"name":"divisible","decl":{"start":{"line":3,"column":20},"end":{"line":3,"column":57}},"loc":{"start":{"line":3,"column":20},"end":{"line":3,"column":57}},"line":3},"2":{"name":"print","decl":{"start":{"line":21,"column":0},"end":{"line":25,"column":1}},"loc":{"start":{"line":21,"column":0},"end":{"line":25,"column":1}},"line":21}},"f":{"0":29,"1":76,"2":1}}
}
