TN:
SF:fizzbuzz.js
FN:1,fizzbuzz
FN:3,divisible
FN:21,print
FNF:3
FNH:3
FNDA:29,fizzbuzz
FNDA:76,divisible
FNDA:1,print
DA:1,29
DA:2,29
DA:3,29
DA:4,29
DA:5,1
DA:6,1
DA:7,29
DA:8,2
DA:9,2
DA:10,29
DA:11,2
DA:12,2
DA:13,29
DA:14,7
DA:15,7
DA:16,29
DA:17,5
DA:18,5
DA:19,12
DA:20,12
DA:21,1
DA:22,1
DA:23,21
DA:24,21
DA:25,1
DA:26,1
DA:27,1
LF:27
LH:27
BRDA:1,0,0,29
BRDA:4,1,0,1
BRDA:7,2,0,28
BRDA:7,3,0,2
BRDA:10,4,0,26
BRDA:10,5,0,9
BRDA:10,6,0,2
BRDA:13,7,0,24
BRDA:13,8,0,7
BRDA:16,9,0,17
BRDA:16,10,0,5
BRDA:19,11,0,12
BRDA:3,12,0,76
BRDA:21,13,0,1
BRDA:22,14,0,21
BRF:15
BRH:15
end_of_record
